checksource: improper character \x09 = ^I (tab)
   file "main.cpp": 11 errors: lines 105, 121--122, 125, 141, 145, 
        178--182
   file "yylex.cpp": 1633 errors: lines 125, 132--133, 217--219, 
        222--227, 239, 241, 247--248, 250--253, 255--258, 260--264, 
        266--271, 273--277, 282--285, 287, 291--300, 303, 342--342, 
        347--348, 385--386, 388--388, 390--392, 395--396, 398--398, 
        400--402, 440, 442--444, 446, 454--457, 763--789, 860, 868--870, 
        877--879, 882--882, 885--886, 888--888, 890--890, 895--895, 
        897--897, 902--906, 908--909, 911--912, 914--914, 916--917, 
        919--922, 925--925, 927--944, 948--954, 956--956, 960, 963--977, 
        979--980, 982--987, 993, 998, 1004, 1009, 1014, 1019, 1024, 
        1029, 1034, 1039, 1044, 1049, 1054, 1059, 1064, 1069, 1074, 
        1079, 1084, 1089, 1094, 1099, 1104, 1109, 1114, 1119, 1124, 
        1129, 1134, 1139, 1144, 1149, 1154, 1159, 1164, 1169, 1174, 
        1179, 1184, 1189, 1194, 1199, 1204, 1209, 1214, 1219, 1224, 
        1229, 1234, 1239, 1244, 1247, 1249--1252, 1254--1256, 
        1258--1272, 1274--1283, 1285--1285, 1287--1287, 1289--1296, 
        1298--1298, 1300--1300, 1302--1308, 1310--1311, 1313--1316, 
        1318--1322, 1324--1335, 1337--1339, 1341--1347, 1349--1351, 
        1353--1353, 1355--1357, 1359--1361, 1363--1363, 1365--1370, 
        1372--1376, 1390--1392, 1400--1403, 1405--1407, 1409--1417, 
        1419--1426, 1428, 1430--1431, 1433--1434, 1436--1440, 
        1442--1445, 1447--1448, 1450--1451, 1453--1454, 1456--1458, 
        1460--1463, 1465--1471, 1473--1475, 1477--1477, 1479--1480, 
        1482--1482, 1484--1485, 1487--1489, 1491--1492, 1494--1500, 
        1502--1508, 1510--1511, 1513--1519, 1521--1523, 1525, 1527, 
        1540--1541, 1544, 1546--1547, 1549--1562, 1564, 1570, 1578, 
        1580, 1582--1595, 1597, 1616, 1618, 1620--1628, 1630--1633, 
        1635--1646, 1648--1649, 1651--1651, 1653--1656, 1658--1659, 
        1661--1661, 1663--1663, 1665--1665, 1667--1672, 1674--1676, 
        1680, 1683, 1698, 1700--1700, 1702, 1704--1705, 1719--1722, 
        1724--1726, 1728--1734, 1736--1737, 1739--1744, 1753--1756, 
        1771, 1773--1775, 1777, 1779--1784, 1786, 1788, 1790, 
        1804--1805, 1807--1808, 1810--1811, 1813, 1838, 1840, 
        1842--1843, 1861, 1874--1875, 1877, 1879--1884, 1886, 
        1888--1889, 1891--1892, 1908--1909, 1911, 1913--1920, 
        1922--1925, 1927--1929, 1944--1945, 1947--1950, 1952--1955, 
        1969, 1971, 1973--1975, 1977--1989, 1991, 1993--1994, 
        1996--2002, 2004--2007, 2020, 2022--2026, 2028--2030, 
        2032--2040, 2042, 2044, 2060, 2074--2077, 2079--2083, 
        2085--2086, 2088, 2090--2092, 2094--2097, 2099, 2110--2111, 
        2121--2123, 2126--2132, 2264--2268, 2270--2272, 2291--2293, 
        2300--2302, 2304, 2310, 2315--2322, 2327--2327
   file "yyparse.cpp": 578 errors: lines 294, 320, 345--351, 361--369, 
        392--392, 592--595, 597--599, 606--606, 610--621, 623--624, 
        628--629, 638--639, 641--653, 664--667, 690--693, 696--704, 736, 
        791--794, 817, 823--824, 829--831, 847, 934--938, 940--948, 
        950--954, 992, 1005--1007, 1011, 1023--1038, 1046, 1049--1068, 
        1102, 1244--1248, 1250--1257, 1259--1260, 1268, 1271, 
        1274--1280, 1282--1283, 1292--1292, 1295, 1347, 1441--1457, 
        1459--1469, 1479, 1482--1486, 1488--1492, 1524, 1530--1538, 
        1542, 1546--1546, 1589--1589, 1597--1597
checksource: improper character \x80
   file "README": 1 errors: line 8
checksource: improper character \x99
   file "README": 1 errors: line 8
checksource: line length > 72 characters
   file "astree.cpp": 1 errors: line 75
   file "yylex.cpp": 48 errors: lines 37, 164, 170, 190, 215, 330, 333, 
        406, 441, 445, 448, 639, 757, 762, 796, 935, 941, 1281, 1312, 
        1405, 1436, 1513, 1515--1516, 1522--1523, 1530, 1543, 1546, 
        1561, 1573, 1579, 1594, 1626, 1689, 1761, 1864--1865, 1973, 
        1984, 2005, 2012, 2049, 2065, 2072, 2232, 2258, 2274
   file "yyparse.cpp": 24 errors: lines 6, 20, 105, 200, 230, 250, 265, 
        280--282, 302, 309, 329, 474, 476--477, 510, 716, 748, 893, 997, 
        1231, 1313, 1540
   file "yyparse.h": 3 errors: lines 6, 20, 39
checksource: TOTAL COMPLAINTS: 2300
